mode: set
github.com/cfabrica46/go-crud/database/userdb/user.go:9.56,11.16 2 1
github.com/cfabrica46/go-crud/database/userdb/user.go:15.2,15.18 1 1
github.com/cfabrica46/go-crud/database/userdb/user.go:21.2,21.8 1 1
github.com/cfabrica46/go-crud/database/userdb/user.go:11.16,13.3 1 1
github.com/cfabrica46/go-crud/database/userdb/user.go:15.18,19.3 3 1
github.com/cfabrica46/go-crud/database/userdb/user.go:24.60,29.16 4 1
github.com/cfabrica46/go-crud/database/userdb/user.go:35.2,36.8 2 1
github.com/cfabrica46/go-crud/database/userdb/user.go:29.16,30.27 1 1
github.com/cfabrica46/go-crud/database/userdb/user.go:33.3,33.9 1 1
github.com/cfabrica46/go-crud/database/userdb/user.go:30.27,32.4 1 1
github.com/cfabrica46/go-crud/database/userdb/user.go:39.96,45.16 4 1
github.com/cfabrica46/go-crud/database/userdb/user.go:51.2,54.8 4 1
github.com/cfabrica46/go-crud/database/userdb/user.go:45.16,46.27 1 1
github.com/cfabrica46/go-crud/database/userdb/user.go:49.3,49.9 1 1
github.com/cfabrica46/go-crud/database/userdb/user.go:46.27,48.4 1 1
github.com/cfabrica46/go-crud/database/userdb/user.go:57.71,63.16 4 1
github.com/cfabrica46/go-crud/database/userdb/user.go:70.2,71.8 2 1
github.com/cfabrica46/go-crud/database/userdb/user.go:63.16,64.27 1 1
github.com/cfabrica46/go-crud/database/userdb/user.go:67.3,67.9 1 1
github.com/cfabrica46/go-crud/database/userdb/user.go:64.27,66.4 1 1
github.com/cfabrica46/go-crud/database/userdb/user.go:74.63,76.16 2 1
github.com/cfabrica46/go-crud/database/userdb/user.go:80.2,81.16 2 1
github.com/cfabrica46/go-crud/database/userdb/user.go:84.2,84.8 1 1
github.com/cfabrica46/go-crud/database/userdb/user.go:76.16,78.3 1 1
github.com/cfabrica46/go-crud/database/userdb/user.go:81.16,83.3 1 1
github.com/cfabrica46/go-crud/database/userdb/user.go:87.53,89.16 2 1
github.com/cfabrica46/go-crud/database/userdb/user.go:93.2,96.8 4 1
github.com/cfabrica46/go-crud/database/userdb/user.go:89.16,91.3 1 1
github.com/cfabrica46/go-crud/database/userdb/user.go:99.68,101.16 2 1
github.com/cfabrica46/go-crud/database/userdb/user.go:105.2,108.8 4 1
github.com/cfabrica46/go-crud/database/userdb/user.go:101.16,103.3 1 1
github.com/cfabrica46/go-crud/database/userdb/db.go:26.13,29.16 3 1
github.com/cfabrica46/go-crud/database/userdb/db.go:29.16,31.3 1 0
github.com/cfabrica46/go-crud/database/userdb/db.go:34.30,37.16 3 1
github.com/cfabrica46/go-crud/database/userdb/db.go:40.2,41.16 2 1
github.com/cfabrica46/go-crud/database/userdb/db.go:44.2,44.16 1 1
github.com/cfabrica46/go-crud/database/userdb/db.go:37.16,39.3 1 1
github.com/cfabrica46/go-crud/database/userdb/db.go:41.16,43.3 1 1
github.com/cfabrica46/go-crud/database/userdb/db.go:51.26,52.15 1 1
github.com/cfabrica46/go-crud/database/userdb/db.go:57.2,58.8 2 1
github.com/cfabrica46/go-crud/database/userdb/db.go:52.15,55.3 2 1
