mode: set
github.com/cfabrica46/go-crud/database/userdb/db.go:26.13,29.16 3 1
github.com/cfabrica46/go-crud/database/userdb/db.go:29.16,31.3 1 0
github.com/cfabrica46/go-crud/database/userdb/db.go:34.30,37.16 3 1
github.com/cfabrica46/go-crud/database/userdb/db.go:40.2,41.16 2 1
github.com/cfabrica46/go-crud/database/userdb/db.go:44.2,44.16 1 1
github.com/cfabrica46/go-crud/database/userdb/db.go:37.16,39.3 1 1
github.com/cfabrica46/go-crud/database/userdb/db.go:41.16,43.3 1 1
github.com/cfabrica46/go-crud/database/userdb/db.go:47.26,48.15 1 1
github.com/cfabrica46/go-crud/database/userdb/db.go:53.2,54.8 2 1
github.com/cfabrica46/go-crud/database/userdb/db.go:48.15,51.3 2 1
github.com/cfabrica46/go-crud/database/userdb/user.go:9.56,11.16 2 1
github.com/cfabrica46/go-crud/database/userdb/user.go:15.2,15.18 1 1
github.com/cfabrica46/go-crud/database/userdb/user.go:21.2,21.8 1 1
github.com/cfabrica46/go-crud/database/userdb/user.go:11.16,13.3 1 1
github.com/cfabrica46/go-crud/database/userdb/user.go:15.18,19.3 3 1
github.com/cfabrica46/go-crud/database/userdb/user.go:24.60,29.16 4 1
github.com/cfabrica46/go-crud/database/userdb/user.go:35.2,36.8 2 1
github.com/cfabrica46/go-crud/database/userdb/user.go:29.16,30.27 1 1
github.com/cfabrica46/go-crud/database/userdb/user.go:33.3,33.9 1 1
github.com/cfabrica46/go-crud/database/userdb/user.go:30.27,32.4 1 1
github.com/cfabrica46/go-crud/database/userdb/user.go:39.96,45.16 4 1
github.com/cfabrica46/go-crud/database/userdb/user.go:51.2,54.8 4 1
github.com/cfabrica46/go-crud/database/userdb/user.go:45.16,46.27 1 1
github.com/cfabrica46/go-crud/database/userdb/user.go:49.3,49.9 1 1
github.com/cfabrica46/go-crud/database/userdb/user.go:46.27,48.4 1 1
github.com/cfabrica46/go-crud/database/userdb/user.go:57.59,61.16 3 1
github.com/cfabrica46/go-crud/database/userdb/user.go:67.2,67.8 1 1
github.com/cfabrica46/go-crud/database/userdb/user.go:61.16,62.27 1 1
github.com/cfabrica46/go-crud/database/userdb/user.go:65.3,65.9 1 1
github.com/cfabrica46/go-crud/database/userdb/user.go:62.27,64.4 1 1
github.com/cfabrica46/go-crud/database/userdb/user.go:70.71,76.16 4 1
github.com/cfabrica46/go-crud/database/userdb/user.go:83.2,84.8 2 1
github.com/cfabrica46/go-crud/database/userdb/user.go:76.16,77.27 1 1
github.com/cfabrica46/go-crud/database/userdb/user.go:80.3,80.9 1 1
github.com/cfabrica46/go-crud/database/userdb/user.go:77.27,79.4 1 1
github.com/cfabrica46/go-crud/database/userdb/user.go:87.63,89.16 2 1
github.com/cfabrica46/go-crud/database/userdb/user.go:93.2,94.16 2 1
github.com/cfabrica46/go-crud/database/userdb/user.go:97.2,97.8 1 1
github.com/cfabrica46/go-crud/database/userdb/user.go:89.16,91.3 1 1
github.com/cfabrica46/go-crud/database/userdb/user.go:94.16,96.3 1 0
github.com/cfabrica46/go-crud/database/userdb/user.go:100.53,102.16 2 1
github.com/cfabrica46/go-crud/database/userdb/user.go:106.2,109.8 4 1
github.com/cfabrica46/go-crud/database/userdb/user.go:102.16,104.3 1 1
github.com/cfabrica46/go-crud/database/userdb/user.go:112.68,114.16 2 1
github.com/cfabrica46/go-crud/database/userdb/user.go:118.2,121.8 4 1
github.com/cfabrica46/go-crud/database/userdb/user.go:114.16,116.3 1 1
