mode: set
github.com/cfabrica46/go-crud/database/cache/cache.go:11.13,13.2 1 1
github.com/cfabrica46/go-crud/database/cache/cache.go:15.13,23.2 2 1
github.com/cfabrica46/go-crud/database/cache/cache.go:25.26,27.16 2 1
github.com/cfabrica46/go-crud/database/cache/cache.go:30.2,30.8 1 1
github.com/cfabrica46/go-crud/database/cache/cache.go:27.16,29.3 1 1
github.com/cfabrica46/go-crud/database/cache/cache.go:33.41,35.16 2 1
github.com/cfabrica46/go-crud/database/cache/cache.go:38.2,38.8 1 1
github.com/cfabrica46/go-crud/database/cache/cache.go:35.16,37.3 1 1
github.com/cfabrica46/go-crud/database/cache/cache.go:41.54,43.2 1 1
github.com/cfabrica46/go-crud/database/cache/cache.go:45.57,47.16 2 1
github.com/cfabrica46/go-crud/database/cache/cache.go:55.2,55.19 1 1
github.com/cfabrica46/go-crud/database/cache/cache.go:58.2,58.8 1 1
github.com/cfabrica46/go-crud/database/cache/cache.go:47.16,48.39 1 1
github.com/cfabrica46/go-crud/database/cache/cache.go:52.3,52.9 1 1
github.com/cfabrica46/go-crud/database/cache/cache.go:48.39,51.4 2 1
github.com/cfabrica46/go-crud/database/cache/cache.go:55.19,57.3 1 1
