mode: set
github.com/cfabrica46/go-crud/handler/account.go:14.29,20.16 5 0
github.com/cfabrica46/go-crud/handler/account.go:25.2,26.16 2 0
github.com/cfabrica46/go-crud/handler/account.go:31.2,32.16 2 0
github.com/cfabrica46/go-crud/handler/account.go:37.2,37.88 1 0
github.com/cfabrica46/go-crud/handler/account.go:20.16,23.3 2 0
github.com/cfabrica46/go-crud/handler/account.go:26.16,29.3 2 0
github.com/cfabrica46/go-crud/handler/account.go:32.16,35.3 2 0
github.com/cfabrica46/go-crud/handler/account.go:40.29,46.16 4 0
github.com/cfabrica46/go-crud/handler/account.go:50.2,50.17 1 0
github.com/cfabrica46/go-crud/handler/account.go:55.2,56.16 2 0
github.com/cfabrica46/go-crud/handler/account.go:61.2,62.16 2 0
github.com/cfabrica46/go-crud/handler/account.go:67.2,67.88 1 0
github.com/cfabrica46/go-crud/handler/account.go:46.16,49.3 2 0
github.com/cfabrica46/go-crud/handler/account.go:50.17,53.3 2 0
github.com/cfabrica46/go-crud/handler/account.go:56.16,59.3 2 0
github.com/cfabrica46/go-crud/handler/account.go:62.16,65.3 2 0
github.com/cfabrica46/go-crud/handler/account.go:70.29,74.16 3 0
github.com/cfabrica46/go-crud/handler/account.go:79.2,79.68 1 0
github.com/cfabrica46/go-crud/handler/account.go:74.16,77.3 2 0
github.com/cfabrica46/go-crud/handler/user.go:11.30,17.2 4 0
github.com/cfabrica46/go-crud/handler/user.go:19.34,21.16 2 0
github.com/cfabrica46/go-crud/handler/user.go:26.2,26.84 1 0
github.com/cfabrica46/go-crud/handler/user.go:21.16,24.3 2 0
github.com/cfabrica46/go-crud/handler/user.go:29.33,33.16 3 0
github.com/cfabrica46/go-crud/handler/user.go:38.2,38.68 1 0
github.com/cfabrica46/go-crud/handler/user.go:33.16,36.3 2 0
github.com/cfabrica46/go-crud/handler/util.go:5.36,8.2 2 1
